# JRE version: OpenJDK Runtime Environment Temurin-21.0.10+7 (21.0.10+7) (build 21.0.10+7-LTS)
# Java VM: OpenJDK 64-Bit Server VM Temurin-21.0.10+7 (21.0.10+7-LTS, mixed mode, sharing, tiered, compressed oops, compressed class ptrs, parallel gc, windows-amd64)
GC Precious Log:
 CardTable entry size: 512
 CPUs: 8 total, 8 available
 Memory: 8006M
 Large Page Support: Disabled
 NUMA Support: Disabled
 Compressed Oops: Enabled (32-bit)
 Alignments: Space 512K, Generation 512K, Heap 2M
 Heap Min Capacity: 100M
 Heap Initial Capacity: 100M
 Heap Max Capacity: 2G
 Pre-touch: Disabled
 Parallel Workers: 8
Heap:
 PSYoungGen      total 20992K, used 15298K [0x00000000d5580000, 0x00000000d6b00000, 0x0000000100000000)
  eden space 19968K, 73% used [0x00000000d5580000,0x00000000d63d6a48,0x00000000d6900000)
  from space 1024K, 60% used [0x00000000d6980000,0x00000000d6a1a098,0x00000000d6a80000)
  to   space 512K, 0% used [0x00000000d6a80000,0x00000000d6a80000,0x00000000d6b00000)
 ParOldGen       total 68608K, used 42536K [0x0000000080000000, 0x0000000084300000, 0x00000000d5580000)
  object space 68608K, 61% used [0x0000000080000000,0x000000008298a138,0x0000000084300000)
 Metaspace       used 64995K, committed 66432K, reserved 1114112K
  class space    used 8181K, committed 8832K, reserved 1048576K
GC Heap History (20 events):
Event: 18.771 GC heap before
{Heap before GC invocations=39 (full 3):
 PSYoungGen      total 20992K, used 20985K [0x00000000d5580000, 0x00000000d6d00000, 0x0000000100000000)
  eden space 19968K, 100% used [0x00000000d5580000,0x00000000d6900000,0x00000000d6900000)
  from space 1024K, 99% used [0x00000000d6b00000,0x00000000d6bfe718,0x00000000d6c00000)
  to   space 1024K, 0% used [0x00000000d6c00000,0x00000000d6c00000,0x00000000d6d00000)
 ParOldGen       total 68608K, used 40309K [0x0000000080000000, 0x0000000084300000, 0x00000000d5580000)
  object space 68608K, 58% used [0x0000000080000000,0x000000008275d630,0x0000000084300000)
 Metaspace       used 61304K, committed 62656K, reserved 1114112K
  class space    used 7754K, committed 8384K, reserved 1048576K
}
Event: 18.772 GC heap after
{Heap after GC invocations=39 (full 3):
 PSYoungGen      total 20992K, used 756K [0x00000000d5580000, 0x00000000d6d00000, 0x0000000100000000)
  eden space 19968K, 0% used [0x00000000d5580000,0x00000000d5580000,0x00000000d6900000)
  from space 1024K, 73% used [0x00000000d6c00000,0x00000000d6cbd1c0,0x00000000d6d00000)
  to   space 1024K, 0% used [0x00000000d6b00000,0x00000000d6b00000,0x00000000d6c00000)
 ParOldGen       total 68608K, used 40373K [0x0000000080000000, 0x0000000084300000, 0x00000000d5580000)
  object space 68608K, 58% used [0x0000000080000000,0x000000008276d630,0x0000000084300000)
 Metaspace       used 61304K, committed 62656K, reserved 1114112K
  class space    used 7754K, committed 8384K, reserved 1048576K
}
Event: 18.907 GC heap before
{Heap before GC invocations=40 (full 3):
 PSYoungGen      total 20992K, used 20724K [0x00000000d5580000, 0x00000000d6d00000, 0x0000000100000000)
  eden space 19968K, 100% used [0x00000000d5580000,0x00000000d6900000,0x00000000d6900000)
  from space 1024K, 73% used [0x00000000d6c00000,0x00000000d6cbd1c0,0x00000000d6d00000)
  to   space 1024K, 0% used [0x00000000d6b00000,0x00000000d6b00000,0x00000000d6c00000)
 ParOldGen       total 68608K, used 40373K [0x0000000080000000, 0x0000000084300000, 0x00000000d5580000)
  object space 68608K, 58% used [0x0000000080000000,0x000000008276d630,0x0000000084300000)
 Metaspace       used 61304K, committed 62656K, reserved 1114112K
  class space    used 7754K, committed 8384K, reserved 1048576K
}
Event: 18.908 GC heap after
{Heap after GC invocations=40 (full 3):
 PSYoungGen      total 20992K, used 241K [0x00000000d5580000, 0x00000000d6c80000, 0x0000000100000000)
  eden space 19968K, 0% used [0x00000000d5580000,0x00000000d5580000,0x00000000d6900000)
  from space 1024K, 23% used [0x00000000d6b00000,0x00000000d6b3c640,0x00000000d6c00000)
  to   space 512K, 0% used [0x00000000d6c00000,0x00000000d6c00000,0x00000000d6c80000)
 ParOldGen       total 68608K, used 40513K [0x0000000080000000, 0x0000000084300000, 0x00000000d5580000)
  object space 68608K, 59% used [0x0000000080000000,0x00000000827907e8,0x0000000084300000)
 Metaspace       used 61304K, committed 62656K, reserved 1114112K
  class space    used 7754K, committed 8384K, reserved 1048576K
}
Event: 19.037 GC heap before
{Heap before GC invocations=41 (full 3):
 PSYoungGen      total 20992K, used 20209K [0x00000000d5580000, 0x00000000d6c80000, 0x0000000100000000)
  eden space 19968K, 100% used [0x00000000d5580000,0x00000000d6900000,0x00000000d6900000)
  from space 1024K, 23% used [0x00000000d6b00000,0x00000000d6b3c640,0x00000000d6c00000)
  to   space 512K, 0% used [0x00000000d6c00000,0x00000000d6c00000,0x00000000d6c80000)
 ParOldGen       total 68608K, used 40513K [0x0000000080000000, 0x0000000084300000, 0x00000000d5580000)
  object space 68608K, 59% used [0x0000000080000000,0x00000000827907e8,0x0000000084300000)
 Metaspace       used 61304K, committed 62656K, reserved 1114112K
  class space    used 7754K, committed 8384K, reserved 1048576K
}
Event: 19.038 GC heap after
{Heap after GC invocations=41 (full 3):
 PSYoungGen      total 20480K, used 504K [0x00000000d5580000, 0x00000000d6c80000, 0x0000000100000000)
  eden space 19968K, 0% used [0x00000000d5580000,0x00000000d5580000,0x00000000d6900000)
  from space 512K, 98% used [0x00000000d6c00000,0x00000000d6c7e188,0x00000000d6c80000)
  to   space 1536K, 0% used [0x00000000d6980000,0x00000000d6980000,0x00000000d6b00000)
 ParOldGen       total 68608K, used 40984K [0x0000000080000000, 0x0000000084300000, 0x00000000d5580000)
  object space 68608K, 59% used [0x0000000080000000,0x00000000828060c8,0x0000000084300000)
 Metaspace       used 61304K, committed 62656K, reserved 1114112K
  class space    used 7754K, committed 8384K, reserved 1048576K
}
Event: 19.203 GC heap before
{Heap before GC invocations=42 (full 3):
 PSYoungGen      total 20480K, used 20472K [0x00000000d5580000, 0x00000000d6c80000, 0x0000000100000000)
  eden space 19968K, 100% used [0x00000000d5580000,0x00000000d6900000,0x00000000d6900000)
  from space 512K, 98% used [0x00000000d6c00000,0x00000000d6c7e188,0x00000000d6c80000)
  to   space 1536K, 0% used [0x00000000d6980000,0x00000000d6980000,0x00000000d6b00000)
 ParOldGen       total 68608K, used 40984K [0x0000000080000000, 0x0000000084300000, 0x00000000d5580000)
  object space 68608K, 59% used [0x0000000080000000,0x00000000828060c8,0x0000000084300000)
 Metaspace       used 61304K, committed 62656K, reserved 1114112K
  class space    used 7754K, committed 8384K, reserved 1048576K
}
Event: 19.204 GC heap after
{Heap after GC invocations=42 (full 3):
 PSYoungGen      total 21504K, used 948K [0x00000000d5580000, 0x00000000d6c80000, 0x0000000100000000)
  eden space 19968K, 0% used [0x00000000d5580000,0x00000000d5580000,0x00000000d6900000)
  from space 1536K, 61% used [0x00000000d6980000,0x00000000d6a6d1b0,0x00000000d6b00000)
  to   space 1024K, 0% used [0x00000000d6b80000,0x00000000d6b80000,0x00000000d6c80000)
 ParOldGen       total 68608K, used 41016K [0x0000000080000000, 0x0000000084300000, 0x00000000d5580000)
  object space 68608K, 59% used [0x0000000080000000,0x000000008280e0c8,0x0000000084300000)
 Metaspace       used 61304K, committed 62656K, reserved 1114112K
  class space    used 7754K, committed 8384K, reserved 1048576K
}
Event: 19.345 GC heap before
{Heap before GC invocations=43 (full 3):
 PSYoungGen      total 21504K, used 20916K [0x00000000d5580000, 0x00000000d6c80000, 0x0000000100000000)
  eden space 19968K, 100% used [0x00000000d5580000,0x00000000d6900000,0x00000000d6900000)
  from space 1536K, 61% used [0x00000000d6980000,0x00000000d6a6d1b0,0x00000000d6b00000)
  to   space 1024K, 0% used [0x00000000d6b80000,0x00000000d6b80000,0x00000000d6c80000)
 ParOldGen       total 68608K, used 41016K [0x0000000080000000, 0x0000000084300000, 0x00000000d5580000)
  object space 68608K, 59% used [0x0000000080000000,0x000000008280e0c8,0x0000000084300000)
 Metaspace       used 61304K, committed 62656K, reserved 1114112K
  class space    used 7754K, committed 8384K, reserved 1048576K
}
Event: 19.345 GC heap after
{Heap after GC invocations=43 (full 3):
 PSYoungGen      total 20480K, used 418K [0x00000000d5580000, 0x00000000d6c00000, 0x0000000100000000)
  eden space 19968K, 0% used [0x00000000d5580000,0x00000000d5580000,0x00000000d6900000)
  from space 512K, 81% used [0x00000000d6b80000,0x00000000d6be88c8,0x00000000d6c00000)
  to   space 1024K, 0% used [0x00000000d6a00000,0x00000000d6a00000,0x00000000d6b00000)
 ParOldGen       total 68608K, used 41056K [0x0000000080000000, 0x0000000084300000, 0x00000000d5580000)
  object space 68608K, 59% used [0x0000000080000000,0x00000000828180c8,0x0000000084300000)
 Metaspace       used 61304K, committed 62656K, reserved 1114112K
  class space    used 7754K, committed 8384K, reserved 1048576K
}
Event: 19.474 GC heap before
{Heap before GC invocations=44 (full 3):
 PSYoungGen      total 20480K, used 20386K [0x00000000d5580000, 0x00000000d6c00000, 0x0000000100000000)
  eden space 19968K, 100% used [0x00000000d5580000,0x00000000d6900000,0x00000000d6900000)
  from space 512K, 81% used [0x00000000d6b80000,0x00000000d6be88c8,0x00000000d6c00000)
  to   space 1024K, 0% used [0x00000000d6a00000,0x00000000d6a00000,0x00000000d6b00000)
 ParOldGen       total 68608K, used 41056K [0x0000000080000000, 0x0000000084300000, 0x00000000d5580000)
  object space 68608K, 59% used [0x0000000080000000,0x00000000828180c8,0x0000000084300000)
 Metaspace       used 61304K, committed 62656K, reserved 1114112K
  class space    used 7754K, committed 8384K, reserved 1048576K
}
Event: 19.475 GC heap after
{Heap after GC invocations=44 (full 3):
 PSYoungGen      total 20992K, used 596K [0x00000000d5580000, 0x00000000d6c00000, 0x0000000100000000)
  eden space 19968K, 0% used [0x00000000d5580000,0x00000000d5580000,0x00000000d6900000)
  from space 1024K, 58% used [0x00000000d6a00000,0x00000000d6a951c0,0x00000000d6b00000)
  to   space 1024K, 0% used [0x00000000d6b00000,0x00000000d6b00000,0x00000000d6c00000)
 ParOldGen       total 68608K, used 41140K [0x0000000080000000, 0x0000000084300000, 0x00000000d5580000)
  object space 68608K, 59% used [0x0000000080000000,0x000000008282d198,0x0000000084300000)
 Metaspace       used 61304K, committed 62656K, reserved 1114112K
  class space    used 7754K, committed 8384K, reserved 1048576K
}
Event: 19.597 GC heap before
{Heap before GC invocations=45 (full 3):
 PSYoungGen      total 20992K, used 20564K [0x00000000d5580000, 0x00000000d6c00000, 0x0000000100000000)
  eden space 19968K, 100% used [0x00000000d5580000,0x00000000d6900000,0x00000000d6900000)
  from space 1024K, 58% used [0x00000000d6a00000,0x00000000d6a951c0,0x00000000d6b00000)
  to   space 1024K, 0% used [0x00000000d6b00000,0x00000000d6b00000,0x00000000d6c00000)
 ParOldGen       total 68608K, used 41140K [0x0000000080000000, 0x0000000084300000, 0x00000000d5580000)
  object space 68608K, 59% used [0x0000000080000000,0x000000008282d198,0x0000000084300000)
 Metaspace       used 61304K, committed 62656K, reserved 1114112K
  class space    used 7754K, committed 8384K, reserved 1048576K
}
Event: 19.597 GC heap after
{Heap after GC invocations=45 (full 3):
 PSYoungGen      total 20992K, used 1008K [0x00000000d5580000, 0x00000000d6c00000, 0x0000000100000000)
  eden space 19968K, 0% used [0x00000000d5580000,0x00000000d5580000,0x00000000d6900000)
  from space 1024K, 98% used [0x00000000d6b00000,0x00000000d6bfc018,0x00000000d6c00000)
  to   space 1536K, 0% used [0x00000000d6900000,0x00000000d6900000,0x00000000d6a80000)
 ParOldGen       total 68608K, used 41280K [0x0000000080000000, 0x0000000084300000, 0x00000000d5580000)
  object space 68608K, 60% used [0x0000000080000000,0x0000000082850240,0x0000000084300000)
 Metaspace       used 61304K, committed 62656K, reserved 1114112K
  class space    used 7754K, committed 8384K, reserved 1048576K
}
Event: 19.782 GC heap before
{Heap before GC invocations=46 (full 3):
 PSYoungGen      total 20992K, used 20976K [0x00000000d5580000, 0x00000000d6c00000, 0x0000000100000000)
  eden space 19968K, 100% used [0x00000000d5580000,0x00000000d6900000,0x00000000d6900000)
  from space 1024K, 98% used [0x00000000d6b00000,0x00000000d6bfc018,0x00000000d6c00000)
  to   space 1536K, 0% used [0x00000000d6900000,0x00000000d6900000,0x00000000d6a80000)
 ParOldGen       total 68608K, used 41280K [0x0000000080000000, 0x0000000084300000, 0x00000000d5580000)
  object space 68608K, 60% used [0x0000000080000000,0x0000000082850240,0x0000000084300000)
 Metaspace       used 62291K, committed 63680K, reserved 1114112K
  class space    used 7909K, committed 8576K, reserved 1048576K
}
Event: 19.783 GC heap after
{Heap after GC invocations=46 (full 3):
 PSYoungGen      total 21504K, used 608K [0x00000000d5580000, 0x00000000d6b80000, 0x0000000100000000)
  eden space 19968K, 0% used [0x00000000d5580000,0x00000000d5580000,0x00000000d6900000)
  from space 1536K, 39% used [0x00000000d6900000,0x00000000d6998000,0x00000000d6a80000)
  to   space 1024K, 0% used [0x00000000d6a80000,0x00000000d6a80000,0x00000000d6b80000)
 ParOldGen       total 68608K, used 41320K [0x0000000080000000, 0x0000000084300000, 0x00000000d5580000)
  object space 68608K, 60% used [0x0000000080000000,0x000000008285a240,0x0000000084300000)
 Metaspace       used 62291K, committed 63680K, reserved 1114112K
  class space    used 7909K, committed 8576K, reserved 1048576K
}
Event: 21.126 GC heap before
{Heap before GC invocations=47 (full 3):
 PSYoungGen      total 21504K, used 20576K [0x00000000d5580000, 0x00000000d6b80000, 0x0000000100000000)
  eden space 19968K, 100% used [0x00000000d5580000,0x00000000d6900000,0x00000000d6900000)
  from space 1536K, 39% used [0x00000000d6900000,0x00000000d6998000,0x00000000d6a80000)
  to   space 1024K, 0% used [0x00000000d6a80000,0x00000000d6a80000,0x00000000d6b80000)
 ParOldGen       total 68608K, used 41320K [0x0000000080000000, 0x0000000084300000, 0x00000000d5580000)
  object space 68608K, 60% used [0x0000000080000000,0x000000008285a240,0x0000000084300000)
 Metaspace       used 63508K, committed 64896K, reserved 1114112K
  class space    used 8046K, committed 8640K, reserved 1048576K
}
Event: 21.129 GC heap after
{Heap after GC invocations=47 (full 3):
 PSYoungGen      total 20992K, used 911K [0x00000000d5580000, 0x00000000d6b80000, 0x0000000100000000)
  eden space 19968K, 0% used [0x00000000d5580000,0x00000000d5580000,0x00000000d6900000)
  from space 1024K, 89% used [0x00000000d6a80000,0x00000000d6b63ef8,0x00000000d6b80000)
  to   space 1024K, 0% used [0x00000000d6980000,0x00000000d6980000,0x00000000d6a80000)
 ParOldGen       total 68608K, used 41720K [0x0000000080000000, 0x0000000084300000, 0x00000000d5580000)
  object space 68608K, 60% used [0x0000000080000000,0x00000000828be240,0x0000000084300000)
 Metaspace       used 63508K, committed 64896K, reserved 1114112K
  class space    used 8046K, committed 8640K, reserved 1048576K
}
Event: 21.728 GC heap before
{Heap before GC invocations=48 (full 3):
 PSYoungGen      total 20992K, used 20879K [0x00000000d5580000, 0x00000000d6b80000, 0x0000000100000000)
  eden space 19968K, 100% used [0x00000000d5580000,0x00000000d6900000,0x00000000d6900000)
  from space 1024K, 89% used [0x00000000d6a80000,0x00000000d6b63ef8,0x00000000d6b80000)
  to   space 1024K, 0% used [0x00000000d6980000,0x00000000d6980000,0x00000000d6a80000)
 ParOldGen       total 68608K, used 41720K [0x0000000080000000, 0x0000000084300000, 0x00000000d5580000)
  object space 68608K, 60% used [0x0000000080000000,0x00000000828be240,0x0000000084300000)
 Metaspace       used 64292K, committed 65728K, reserved 1114112K
  class space    used 8126K, committed 8768K, reserved 1048576K
}
Event: 21.730 GC heap after
{Heap after GC invocations=48 (full 3):
 PSYoungGen      total 20992K, used 616K [0x00000000d5580000, 0x00000000d6b00000, 0x0000000100000000)
  eden space 19968K, 0% used [0x00000000d5580000,0x00000000d5580000,0x00000000d6900000)
  from space 1024K, 60% used [0x00000000d6980000,0x00000000d6a1a098,0x00000000d6a80000)
  to   space 512K, 0% used [0x00000000d6a80000,0x00000000d6a80000,0x00000000d6b00000)
 ParOldGen       total 68608K, used 42536K [0x0000000080000000, 0x0000000084300000, 0x00000000d5580000)
  object space 68608K, 61% used [0x0000000080000000,0x000000008298a138,0x0000000084300000)
 Metaspace       used 64292K, committed 65728K, reserved 1114112K
  class space    used 8126K, committed 8768K, reserved 1048576K
}

