# JRE version: OpenJDK Runtime Environment Temurin-21.0.10+7 (21.0.10+7) (build 21.0.10+7-LTS)
# Java VM: OpenJDK 64-Bit Server VM Temurin-21.0.10+7 (21.0.10+7-LTS, mixed mode, sharing, tiered, compressed oops, compressed class ptrs, parallel gc, windows-amd64)
GC Precious Log:
 CardTable entry size: 512
 CPUs: 8 total, 8 available
 Memory: 8006M
 Large Page Support: Disabled
 NUMA Support: Disabled
 Compressed Oops: Enabled (32-bit)
 Alignments: Space 512K, Generation 512K, Heap 2M
 Heap Min Capacity: 100M
 Heap Initial Capacity: 100M
 Heap Max Capacity: 2G
 Pre-touch: Disabled
 Parallel Workers: 8
Heap:
 PSYoungGen      total 21504K, used 19403K [0x00000000d5580000, 0x00000000d6c80000, 0x0000000100000000)
  eden space 20480K, 90% used [0x00000000d5580000,0x00000000d679f108,0x00000000d6980000)
  from space 1024K, 82% used [0x00000000d6b80000,0x00000000d6c53d88,0x00000000d6c80000)
  to   space 1536K, 0% used [0x00000000d6980000,0x00000000d6980000,0x00000000d6b00000)
 ParOldGen       total 68608K, used 44185K [0x0000000080000000, 0x0000000084300000, 0x00000000d5580000)
  object space 68608K, 64% used [0x0000000080000000,0x0000000082b26468,0x0000000084300000)
 Metaspace       used 65461K, committed 66880K, reserved 1114112K
  class space    used 8231K, committed 8832K, reserved 1048576K
GC Heap History (20 events):
Event: 35.246 GC heap before
{Heap before GC invocations=38 (full 3):
 PSYoungGen      total 22016K, used 21813K [0x00000000d5580000, 0x00000000d6d00000, 0x0000000100000000)
  eden space 21504K, 100% used [0x00000000d5580000,0x00000000d6a80000,0x00000000d6a80000)
  from space 512K, 60% used [0x00000000d6c80000,0x00000000d6ccd6b8,0x00000000d6d00000)
  to   space 1024K, 0% used [0x00000000d6b00000,0x00000000d6b00000,0x00000000d6c00000)
 ParOldGen       total 68608K, used 39863K [0x0000000080000000, 0x0000000084300000, 0x00000000d5580000)
  object space 68608K, 58% used [0x0000000080000000,0x00000000826edc00,0x0000000084300000)
 Metaspace       used 61627K, committed 62976K, reserved 1114112K
  class space    used 7791K, committed 8384K, reserved 1048576K
}
Event: 35.247 GC heap after
{Heap after GC invocations=38 (full 3):
 PSYoungGen      total 22528K, used 256K [0x00000000d5580000, 0x00000000d6d00000, 0x0000000100000000)
  eden space 21504K, 0% used [0x00000000d5580000,0x00000000d5580000,0x00000000d6a80000)
  from space 1024K, 25% used [0x00000000d6b00000,0x00000000d6b40000,0x00000000d6c00000)
  to   space 512K, 0% used [0x00000000d6c80000,0x00000000d6c80000,0x00000000d6d00000)
 ParOldGen       total 68608K, used 39970K [0x0000000080000000, 0x0000000084300000, 0x00000000d5580000)
  object space 68608K, 58% used [0x0000000080000000,0x0000000082708910,0x0000000084300000)
 Metaspace       used 61627K, committed 62976K, reserved 1114112K
  class space    used 7791K, committed 8384K, reserved 1048576K
}
Event: 35.744 GC heap before
{Heap before GC invocations=39 (full 3):
 PSYoungGen      total 22528K, used 21760K [0x00000000d5580000, 0x00000000d6d00000, 0x0000000100000000)
  eden space 21504K, 100% used [0x00000000d5580000,0x00000000d6a80000,0x00000000d6a80000)
  from space 1024K, 25% used [0x00000000d6b00000,0x00000000d6b40000,0x00000000d6c00000)
  to   space 512K, 0% used [0x00000000d6c80000,0x00000000d6c80000,0x00000000d6d00000)
 ParOldGen       total 68608K, used 39970K [0x0000000080000000, 0x0000000084300000, 0x00000000d5580000)
  object space 68608K, 58% used [0x0000000080000000,0x0000000082708910,0x0000000084300000)
 Metaspace       used 61689K, committed 63040K, reserved 1114112K
  class space    used 7791K, committed 8384K, reserved 1048576K
}
Event: 35.748 GC heap after
{Heap after GC invocations=39 (full 3):
 PSYoungGen      total 20992K, used 496K [0x00000000d5580000, 0x00000000d7080000, 0x0000000100000000)
  eden space 20480K, 0% used [0x00000000d5580000,0x00000000d5580000,0x00000000d6980000)
  from space 512K, 96% used [0x00000000d6c80000,0x00000000d6cfc1c0,0x00000000d6d00000)
  to   space 3072K, 0% used [0x00000000d6980000,0x00000000d6980000,0x00000000d6c80000)
 ParOldGen       total 68608K, used 41764K [0x0000000080000000, 0x0000000084300000, 0x00000000d5580000)
  object space 68608K, 60% used [0x0000000080000000,0x00000000828c9390,0x0000000084300000)
 Metaspace       used 61689K, committed 63040K, reserved 1114112K
  class space    used 7791K, committed 8384K, reserved 1048576K
}
Event: 36.373 GC heap before
{Heap before GC invocations=40 (full 3):
 PSYoungGen      total 20992K, used 20976K [0x00000000d5580000, 0x00000000d7080000, 0x0000000100000000)
  eden space 20480K, 100% used [0x00000000d5580000,0x00000000d6980000,0x00000000d6980000)
  from space 512K, 96% used [0x00000000d6c80000,0x00000000d6cfc1c0,0x00000000d6d00000)
  to   space 3072K, 0% used [0x00000000d6980000,0x00000000d6980000,0x00000000d6c80000)
 ParOldGen       total 68608K, used 41764K [0x0000000080000000, 0x0000000084300000, 0x00000000d5580000)
  object space 68608K, 60% used [0x0000000080000000,0x00000000828c9390,0x0000000084300000)
 Metaspace       used 61865K, committed 63232K, reserved 1114112K
  class space    used 7800K, committed 8384K, reserved 1048576K
}
Event: 36.377 GC heap after
{Heap after GC invocations=40 (full 3):
 PSYoungGen      total 21504K, used 1002K [0x00000000d5580000, 0x00000000d6d00000, 0x0000000100000000)
  eden space 20480K, 0% used [0x00000000d5580000,0x00000000d5580000,0x00000000d6980000)
  from space 1024K, 97% used [0x00000000d6980000,0x00000000d6a7aba0,0x00000000d6a80000)
  to   space 1536K, 0% used [0x00000000d6b80000,0x00000000d6b80000,0x00000000d6d00000)
 ParOldGen       total 68608K, used 42012K [0x0000000080000000, 0x0000000084300000, 0x00000000d5580000)
  object space 68608K, 61% used [0x0000000080000000,0x0000000082907390,0x0000000084300000)
 Metaspace       used 61865K, committed 63232K, reserved 1114112K
  class space    used 7800K, committed 8384K, reserved 1048576K
}
Event: 37.139 GC heap before
{Heap before GC invocations=41 (full 3):
 PSYoungGen      total 21504K, used 21482K [0x00000000d5580000, 0x00000000d6d00000, 0x0000000100000000)
  eden space 20480K, 100% used [0x00000000d5580000,0x00000000d6980000,0x00000000d6980000)
  from space 1024K, 97% used [0x00000000d6980000,0x00000000d6a7aba0,0x00000000d6a80000)
  to   space 1536K, 0% used [0x00000000d6b80000,0x00000000d6b80000,0x00000000d6d00000)
 ParOldGen       total 68608K, used 42012K [0x0000000080000000, 0x0000000084300000, 0x00000000d5580000)
  object space 68608K, 61% used [0x0000000080000000,0x0000000082907390,0x0000000084300000)
 Metaspace       used 61866K, committed 63232K, reserved 1114112K
  class space    used 7800K, committed 8384K, reserved 1048576K
}
Event: 37.141 GC heap after
{Heap after GC invocations=41 (full 3):
 PSYoungGen      total 20992K, used 245K [0x00000000d5580000, 0x00000000d6c00000, 0x0000000100000000)
  eden space 20480K, 0% used [0x00000000d5580000,0x00000000d5580000,0x00000000d6980000)
  from space 512K, 47% used [0x00000000d6b80000,0x00000000d6bbd4b8,0x00000000d6c00000)
  to   space 1024K, 0% used [0x00000000d6a00000,0x00000000d6a00000,0x00000000d6b00000)
 ParOldGen       total 68608K, used 42381K [0x0000000080000000, 0x0000000084300000, 0x00000000d5580000)
  object space 68608K, 61% used [0x0000000080000000,0x00000000829634f8,0x0000000084300000)
 Metaspace       used 61866K, committed 63232K, reserved 1114112K
  class space    used 7800K, committed 8384K, reserved 1048576K
}
Event: 37.634 GC heap before
{Heap before GC invocations=42 (full 3):
 PSYoungGen      total 20992K, used 20725K [0x00000000d5580000, 0x00000000d6c00000, 0x0000000100000000)
  eden space 20480K, 100% used [0x00000000d5580000,0x00000000d6980000,0x00000000d6980000)
  from space 512K, 47% used [0x00000000d6b80000,0x00000000d6bbd4b8,0x00000000d6c00000)
  to   space 1024K, 0% used [0x00000000d6a00000,0x00000000d6a00000,0x00000000d6b00000)
 ParOldGen       total 68608K, used 42381K [0x0000000080000000, 0x0000000084300000, 0x00000000d5580000)
  object space 68608K, 61% used [0x0000000080000000,0x00000000829634f8,0x0000000084300000)
 Metaspace       used 61866K, committed 63232K, reserved 1114112K
  class space    used 7800K, committed 8384K, reserved 1048576K
}
Event: 37.635 GC heap after
{Heap after GC invocations=42 (full 3):
 PSYoungGen      total 21504K, used 905K [0x00000000d5580000, 0x00000000d6c80000, 0x0000000100000000)
  eden space 20480K, 0% used [0x00000000d5580000,0x00000000d5580000,0x00000000d6980000)
  from space 1024K, 88% used [0x00000000d6a00000,0x00000000d6ae27c8,0x00000000d6b00000)
  to   space 1536K, 0% used [0x00000000d6b00000,0x00000000d6b00000,0x00000000d6c80000)
 ParOldGen       total 68608K, used 42463K [0x0000000080000000, 0x0000000084300000, 0x00000000d5580000)
  object space 68608K, 61% used [0x0000000080000000,0x0000000082977d60,0x0000000084300000)
 Metaspace       used 61866K, committed 63232K, reserved 1114112K
  class space    used 7800K, committed 8384K, reserved 1048576K
}
Event: 38.001 GC heap before
{Heap before GC invocations=43 (full 3):
 PSYoungGen      total 21504K, used 21385K [0x00000000d5580000, 0x00000000d6c80000, 0x0000000100000000)
  eden space 20480K, 100% used [0x00000000d5580000,0x00000000d6980000,0x00000000d6980000)
  from space 1024K, 88% used [0x00000000d6a00000,0x00000000d6ae27c8,0x00000000d6b00000)
  to   space 1536K, 0% used [0x00000000d6b00000,0x00000000d6b00000,0x00000000d6c80000)
 ParOldGen       total 68608K, used 42463K [0x0000000080000000, 0x0000000084300000, 0x00000000d5580000)
  object space 68608K, 61% used [0x0000000080000000,0x0000000082977d60,0x0000000084300000)
 Metaspace       used 61866K, committed 63232K, reserved 1114112K
  class space    used 7800K, committed 8384K, reserved 1048576K
}
Event: 38.002 GC heap after
{Heap after GC invocations=43 (full 3):
 PSYoungGen      total 22016K, used 1204K [0x00000000d5580000, 0x00000000d6c80000, 0x0000000100000000)
  eden space 20480K, 0% used [0x00000000d5580000,0x00000000d5580000,0x00000000d6980000)
  from space 1536K, 78% used [0x00000000d6b00000,0x00000000d6c2d1c0,0x00000000d6c80000)
  to   space 1536K, 0% used [0x00000000d6980000,0x00000000d6980000,0x00000000d6b00000)
 ParOldGen       total 68608K, used 42527K [0x0000000080000000, 0x0000000084300000, 0x00000000d5580000)
  object space 68608K, 61% used [0x0000000080000000,0x0000000082987d70,0x0000000084300000)
 Metaspace       used 61866K, committed 63232K, reserved 1114112K
  class space    used 7800K, committed 8384K, reserved 1048576K
}
Event: 38.384 GC heap before
{Heap before GC invocations=44 (full 3):
 PSYoungGen      total 22016K, used 21684K [0x00000000d5580000, 0x00000000d6c80000, 0x0000000100000000)
  eden space 20480K, 100% used [0x00000000d5580000,0x00000000d6980000,0x00000000d6980000)
  from space 1536K, 78% used [0x00000000d6b00000,0x00000000d6c2d1c0,0x00000000d6c80000)
  to   space 1536K, 0% used [0x00000000d6980000,0x00000000d6980000,0x00000000d6b00000)
 ParOldGen       total 68608K, used 42527K [0x0000000080000000, 0x0000000084300000, 0x00000000d5580000)
  object space 68608K, 61% used [0x0000000080000000,0x0000000082987d70,0x0000000084300000)
 Metaspace       used 61866K, committed 63232K, reserved 1114112K
  class space    used 7800K, committed 8384K, reserved 1048576K
}
Event: 38.385 GC heap after
{Heap after GC invocations=44 (full 3):
 PSYoungGen      total 20992K, used 366K [0x00000000d5580000, 0x00000000d6b80000, 0x0000000100000000)
  eden space 20480K, 0% used [0x00000000d5580000,0x00000000d5580000,0x00000000d6980000)
  from space 512K, 71% used [0x00000000d6980000,0x00000000d69dbb90,0x00000000d6a00000)
  to   space 1024K, 0% used [0x00000000d6a80000,0x00000000d6a80000,0x00000000d6b80000)
 ParOldGen       total 68608K, used 42551K [0x0000000080000000, 0x0000000084300000, 0x00000000d5580000)
  object space 68608K, 62% used [0x0000000080000000,0x000000008298dd70,0x0000000084300000)
 Metaspace       used 61866K, committed 63232K, reserved 1114112K
  class space    used 7800K, committed 8384K, reserved 1048576K
}
Event: 38.891 GC heap before
{Heap before GC invocations=45 (full 3):
 PSYoungGen      total 20992K, used 20846K [0x00000000d5580000, 0x00000000d6b80000, 0x0000000100000000)
  eden space 20480K, 100% used [0x00000000d5580000,0x00000000d6980000,0x00000000d6980000)
  from space 512K, 71% used [0x00000000d6980000,0x00000000d69dbb90,0x00000000d6a00000)
  to   space 1024K, 0% used [0x00000000d6a80000,0x00000000d6a80000,0x00000000d6b80000)
 ParOldGen       total 68608K, used 42551K [0x0000000080000000, 0x0000000084300000, 0x00000000d5580000)
  object space 68608K, 62% used [0x0000000080000000,0x000000008298dd70,0x0000000084300000)
 Metaspace       used 61866K, committed 63232K, reserved 1114112K
  class space    used 7800K, committed 8384K, reserved 1048576K
}
Event: 38.892 GC heap after
{Heap after GC invocations=45 (full 3):
 PSYoungGen      total 20992K, used 192K [0x00000000d5580000, 0x00000000d6b00000, 0x0000000100000000)
  eden space 20480K, 0% used [0x00000000d5580000,0x00000000d5580000,0x00000000d6980000)
  from space 512K, 37% used [0x00000000d6a80000,0x00000000d6ab0000,0x00000000d6b00000)
  to   space 512K, 0% used [0x00000000d6980000,0x00000000d6980000,0x00000000d6a00000)
 ParOldGen       total 68608K, used 42679K [0x0000000080000000, 0x0000000084300000, 0x00000000d5580000)
  object space 68608K, 62% used [0x0000000080000000,0x00000000829adf78,0x0000000084300000)
 Metaspace       used 61866K, committed 63232K, reserved 1114112K
  class space    used 7800K, committed 8384K, reserved 1048576K
}
Event: 40.543 GC heap before
{Heap before GC invocations=46 (full 3):
 PSYoungGen      total 20992K, used 20614K [0x00000000d5580000, 0x00000000d6b00000, 0x0000000100000000)
  eden space 20480K, 99% used [0x00000000d5580000,0x00000000d6971ae8,0x00000000d6980000)
  from space 512K, 37% used [0x00000000d6a80000,0x00000000d6ab0000,0x00000000d6b00000)
  to   space 512K, 0% used [0x00000000d6980000,0x00000000d6980000,0x00000000d6a00000)
 ParOldGen       total 68608K, used 42679K [0x0000000080000000, 0x0000000084300000, 0x00000000d5580000)
  object space 68608K, 62% used [0x0000000080000000,0x00000000829adf78,0x0000000084300000)
 Metaspace       used 63765K, committed 65088K, reserved 1114112K
  class space    used 8074K, committed 8640K, reserved 1048576K
}
Event: 40.545 GC heap after
{Heap after GC invocations=46 (full 3):
 PSYoungGen      total 20992K, used 495K [0x00000000d5580000, 0x00000000d6d80000, 0x0000000100000000)
  eden space 20480K, 0% used [0x00000000d5580000,0x00000000d5580000,0x00000000d6980000)
  from space 512K, 96% used [0x00000000d6980000,0x00000000d69fbef8,0x00000000d6a00000)
  to   space 2048K, 0% used [0x00000000d6b80000,0x00000000d6b80000,0x00000000d6d80000)
 ParOldGen       total 68608K, used 43665K [0x0000000080000000, 0x0000000084300000, 0x00000000d5580000)
  object space 68608K, 63% used [0x0000000080000000,0x0000000082aa4570,0x0000000084300000)
 Metaspace       used 63765K, committed 65088K, reserved 1114112K
  class space    used 8074K, committed 8640K, reserved 1048576K
}
Event: 45.356 GC heap before
{Heap before GC invocations=47 (full 3):
 PSYoungGen      total 20992K, used 20937K [0x00000000d5580000, 0x00000000d6d80000, 0x0000000100000000)
  eden space 20480K, 99% used [0x00000000d5580000,0x00000000d69766e0,0x00000000d6980000)
  from space 512K, 96% used [0x00000000d6980000,0x00000000d69fbef8,0x00000000d6a00000)
  to   space 2048K, 0% used [0x00000000d6b80000,0x00000000d6b80000,0x00000000d6d80000)
 ParOldGen       total 68608K, used 43665K [0x0000000080000000, 0x0000000084300000, 0x00000000d5580000)
  object space 68608K, 63% used [0x0000000080000000,0x0000000082aa4570,0x0000000084300000)
 Metaspace       used 64646K, committed 66048K, reserved 1114112K
  class space    used 8149K, committed 8768K, reserved 1048576K
}
Event: 45.359 GC heap after
{Heap after GC invocations=47 (full 3):
 PSYoungGen      total 21504K, used 847K [0x00000000d5580000, 0x00000000d6c80000, 0x0000000100000000)
  eden space 20480K, 0% used [0x00000000d5580000,0x00000000d5580000,0x00000000d6980000)
  from space 1024K, 82% used [0x00000000d6b80000,0x00000000d6c53d88,0x00000000d6c80000)
  to   space 1536K, 0% used [0x00000000d6980000,0x00000000d6980000,0x00000000d6b00000)
 ParOldGen       total 68608K, used 44185K [0x0000000080000000, 0x0000000084300000, 0x00000000d5580000)
  object space 68608K, 64% used [0x0000000080000000,0x0000000082b26468,0x0000000084300000)
 Metaspace       used 64646K, committed 66048K, reserved 1114112K
  class space    used 8149K, committed 8768K, reserved 1048576K
}

